<?xml version="1.0" encoding="utf-8" standalone="no"?>
<!--This file represents the results of running a test suite-->
<test-results name="C:\Dropbox\Projects\Trinug.Contest.Sep2011\Primes.Test\Primes.Test.csproj" total="6" errors="0" failures="0" not-run="0" inconclusive="0" ignored="0" skipped="0" invalid="0" date="2011-09-09" time="22:21:52">
  <environment nunit-version="2.5.8.10295" clr-version="2.0.50727.5446" os-version="Microsoft Windows NT 6.1.7601 Service Pack 1" platform="Win32NT" cwd="C:\Dropbox\Projects\Trinug.Contest.Sep2011\Primes.Test" machine-name="LADERATECH1" user="David" user-domain="LADERATECH1" />
  <culture-info current-culture="en-US" current-uiculture="en-US" />
  <test-suite type="Project" name="C:\Dropbox\Projects\Trinug.Contest.Sep2011\Primes.Test\Primes.Test.csproj" executed="True" result="Success" success="True" time="0.031" asserts="0">
    <results>
      <test-suite type="Assembly" name="C:\Dropbox\Projects\Trinug.Contest.Sep2011\Primes.Test\bin\Debug\Primes.Test.dll" executed="True" result="Success" success="True" time="0.029" asserts="0">
        <results>
          <test-suite type="Namespace" name="Primes" executed="True" result="Success" success="True" time="0.026" asserts="0">
            <results>
              <test-suite type="Namespace" name="Test" executed="True" result="Success" success="True" time="0.024" asserts="0">
                <results>
                  <test-suite type="TestFixture" name="NUnitTests" executed="True" result="Success" success="True" time="0.022" asserts="0">
                    <results>
                      <test-case name="Primes.Test.NUnitTests.Test_Computer_Primes_UpTo_1000" executed="True" result="Success" success="True" time="0.000" asserts="1" />
                      <test-case name="Primes.Test.NUnitTests.Test_Computer_Primes_UpTo_10000" executed="True" result="Success" success="True" time="0.002" asserts="1" />
                      <test-case name="Primes.Test.NUnitTests.Test_Known_NonPrime_Is_Not_Prime" executed="True" result="Success" success="True" time="0.000" asserts="1" />
                      <test-case name="Primes.Test.NUnitTests.Test_Known_Prime_Is_Prime" executed="True" result="Success" success="True" time="0.000" asserts="1" />
                      <test-case name="Primes.Test.NUnitTests.Test_Number_Divisble_By_Five_Is_Not_Prime" executed="True" result="Success" success="True" time="0.000" asserts="1" />
                      <test-case name="Primes.Test.NUnitTests.Test_Number_Divisble_By_Three_Is_Not_Prime" executed="True" result="Success" success="True" time="0.000" asserts="1" />
                    </results>
                  </test-suite>
                </results>
              </test-suite>
            </results>
          </test-suite>
        </results>
      </test-suite>
    </results>
  </test-suite>
</test-results>